# JRE version: OpenJDK Runtime Environment (8.0_202) (build 1.8.0_202-release-1483-b49-5587405)
# Java VM: OpenJDK 64-Bit Server VM (25.202-b49-5587405 mixed mode linux-amd64 compressed oops)
Heap:
 PSYoungGen      total 357376K, used 6336K [0x00000000e0000000, 0x00000000f7080000, 0x0000000100000000)
  eden space 337408K, 0% used [0x00000000e0000000,0x00000000e0000000,0x00000000f4980000)
  from space 19968K, 31% used [0x00000000f4980000,0x00000000f4fb0010,0x00000000f5d00000)
  to   space 17408K, 0% used [0x00000000f5f80000,0x00000000f5f80000,0x00000000f7080000)
 ParOldGen       total 74240K, used 44322K [0x00000000a0000000, 0x00000000a4880000, 0x00000000e0000000)
  object space 74240K, 59% used [0x00000000a0000000,0x00000000a2b488f8,0x00000000a4880000)
 Metaspace       used 77437K, capacity 82272K, committed 82392K, reserved 1120256K
  class space    used 10113K, capacity 10921K, committed 11008K, reserved 1048576K
GC Heap History (10 events):
Event: 31.816 GC heap after
Heap after GC invocations=15 (full 2):
 PSYoungGen      total 190464K, used 380K [0x00000000e0000000, 0x00000000f1d00000, 0x0000000100000000)
  eden space 174080K, 0% used [0x00000000e0000000,0x00000000e0000000,0x00000000eaa00000)
  from space 16384K, 2% used [0x00000000eaa00000,0x00000000eaa5f3e0,0x00000000eba00000)
  to   space 16896K, 0% used [0x00000000f0c80000,0x00000000f0c80000,0x00000000f1d00000)
 ParOldGen       total 51200K, used 36576K [0x00000000a0000000, 0x00000000a3200000, 0x00000000e0000000)
  object space 51200K, 71% used [0x00000000a0000000,0x00000000a23b8268,0x00000000a3200000)
 Metaspace       used 57132K, capacity 58804K, committed 58968K, reserved 1099776K
  class space    used 7779K, capacity 8197K, committed 8320K, reserved 1048576K
}
Event: 31.816 GC heap before
{Heap before GC invocations=16 (full 3):
 PSYoungGen      total 190464K, used 380K [0x00000000e0000000, 0x00000000f1d00000, 0x0000000100000000)
  eden space 174080K, 0% used [0x00000000e0000000,0x00000000e0000000,0x00000000eaa00000)
  from space 16384K, 2% used [0x00000000eaa00000,0x00000000eaa5f3e0,0x00000000eba00000)
  to   space 16896K, 0% used [0x00000000f0c80000,0x00000000f0c80000,0x00000000f1d00000)
 ParOldGen       total 51200K, used 36576K [0x00000000a0000000, 0x00000000a3200000, 0x00000000e0000000)
  object space 51200K, 71% used [0x00000000a0000000,0x00000000a23b8268,0x00000000a3200000)
 Metaspace       used 57132K, capacity 58804K, committed 58968K, reserved 1099776K
  class space    used 7779K, capacity 8197K, committed 8320K, reserved 1048576K
Event: 32.198 GC heap after
Heap after GC invocations=16 (full 3):
 PSYoungGen      total 190464K, used 0K [0x00000000e0000000, 0x00000000f1d00000, 0x0000000100000000)
  eden space 174080K, 0% used [0x00000000e0000000,0x00000000e0000000,0x00000000eaa00000)
  from space 16384K, 0% used [0x00000000eaa00000,0x00000000eaa00000,0x00000000eba00000)
  to   space 16896K, 0% used [0x00000000f0c80000,0x00000000f0c80000,0x00000000f1d00000)
 ParOldGen       total 74240K, used 28865K [0x00000000a0000000, 0x00000000a4880000, 0x00000000e0000000)
  object space 74240K, 38% used [0x00000000a0000000,0x00000000a1c304d8,0x00000000a4880000)
 Metaspace       used 57083K, capacity 58660K, committed 58968K, reserved 1099776K
  class space    used 7764K, capacity 8171K, committed 8320K, reserved 1048576K
}
Event: 419.993 GC heap before
{Heap before GC invocations=17 (full 3):
 PSYoungGen      total 190464K, used 174080K [0x00000000e0000000, 0x00000000f1d00000, 0x0000000100000000)
  eden space 174080K, 100% used [0x00000000e0000000,0x00000000eaa00000,0x00000000eaa00000)
  from space 16384K, 0% used [0x00000000eaa00000,0x00000000eaa00000,0x00000000eba00000)
  to   space 16896K, 0% used [0x00000000f0c80000,0x00000000f0c80000,0x00000000f1d00000)
 ParOldGen       total 74240K, used 28865K [0x00000000a0000000, 0x00000000a4880000, 0x00000000e0000000)
  object space 74240K, 38% used [0x00000000a0000000,0x00000000a1c304d8,0x00000000a4880000)
 Metaspace       used 67581K, capacity 70036K, committed 70232K, reserved 1110016K
  class space    used 8957K, capacity 9511K, committed 9600K, reserved 1048576K
Event: 420.043 GC heap after
Heap after GC invocations=17 (full 3):
 PSYoungGen      total 263168K, used 16498K [0x00000000e0000000, 0x00000000f1d00000, 0x0000000100000000)
  eden space 246272K, 0% used [0x00000000e0000000,0x00000000e0000000,0x00000000ef080000)
  from space 16896K, 97% used [0x00000000f0c80000,0x00000000f1c9ca98,0x00000000f1d00000)
  to   space 19456K, 0% used [0x00000000ef700000,0x00000000ef700000,0x00000000f0a00000)
 ParOldGen       total 74240K, used 28873K [0x00000000a0000000, 0x00000000a4880000, 0x00000000e0000000)
  object space 74240K, 38% used [0x00000000a0000000,0x00000000a1c324d8,0x00000000a4880000)
 Metaspace       used 67581K, capacity 70036K, committed 70232K, reserved 1110016K
  class space    used 8957K, capacity 9511K, committed 9600K, reserved 1048576K
}
Event: 586.859 GC heap before
{Heap before GC invocations=18 (full 3):
 PSYoungGen      total 263168K, used 262770K [0x00000000e0000000, 0x00000000f1d00000, 0x0000000100000000)
  eden space 246272K, 100% used [0x00000000e0000000,0x00000000ef080000,0x00000000ef080000)
  from space 16896K, 97% used [0x00000000f0c80000,0x00000000f1c9ca98,0x00000000f1d00000)
  to   space 19456K, 0% used [0x00000000ef700000,0x00000000ef700000,0x00000000f0a00000)
 ParOldGen       total 74240K, used 28873K [0x00000000a0000000, 0x00000000a4880000, 0x00000000e0000000)
  object space 74240K, 38% used [0x00000000a0000000,0x00000000a1c324d8,0x00000000a4880000)
 Metaspace       used 74930K, capacity 78198K, committed 78296K, reserved 1118208K
  class space    used 9822K, capacity 10483K, committed 10496K, reserved 1048576K
Event: 586.919 GC heap after
Heap after GC invocations=18 (full 3):
 PSYoungGen      total 272384K, used 15186K [0x00000000e0000000, 0x00000000f7400000, 0x0000000100000000)
  eden space 252928K, 0% used [0x00000000e0000000,0x00000000e0000000,0x00000000ef700000)
  from space 19456K, 78% used [0x00000000ef700000,0x00000000f05d4ae0,0x00000000f0a00000)
  to   space 20992K, 0% used [0x00000000f5f80000,0x00000000f5f80000,0x00000000f7400000)
 ParOldGen       total 74240K, used 35645K [0x00000000a0000000, 0x00000000a4880000, 0x00000000e0000000)
  object space 74240K, 48% used [0x00000000a0000000,0x00000000a22cf738,0x00000000a4880000)
 Metaspace       used 74930K, capacity 78198K, committed 78296K, reserved 1118208K
  class space    used 9822K, capacity 10483K, committed 10496K, reserved 1048576K
}
Event: 1505.695 GC heap before
{Heap before GC invocations=19 (full 3):
 PSYoungGen      total 272384K, used 268114K [0x00000000e0000000, 0x00000000f7400000, 0x0000000100000000)
  eden space 252928K, 100% used [0x00000000e0000000,0x00000000ef700000,0x00000000ef700000)
  from space 19456K, 78% used [0x00000000ef700000,0x00000000f05d4ae0,0x00000000f0a00000)
  to   space 20992K, 0% used [0x00000000f5f80000,0x00000000f5f80000,0x00000000f7400000)
 ParOldGen       total 74240K, used 35645K [0x00000000a0000000, 0x00000000a4880000, 0x00000000e0000000)
  object space 74240K, 48% used [0x00000000a0000000,0x00000000a22cf738,0x00000000a4880000)
 Metaspace       used 76134K, capacity 79828K, committed 80088K, reserved 1118208K
  class space    used 9929K, capacity 10636K, committed 10752K, reserved 1048576K
Event: 1505.737 GC heap after
Heap after GC invocations=19 (full 3):
 PSYoungGen      total 354816K, used 6400K [0x00000000e0000000, 0x00000000f7080000, 0x0000000100000000)
  eden space 337408K, 0% used [0x00000000e0000000,0x00000000e0000000,0x00000000f4980000)
  from space 17408K, 36% used [0x00000000f5f80000,0x00000000f65c0010,0x00000000f7080000)
  to   space 19968K, 0% used [0x00000000f4980000,0x00000000f4980000,0x00000000f5d00000)
 ParOldGen       total 74240K, used 42502K [0x00000000a0000000, 0x00000000a4880000, 0x00000000e0000000)
  object space 74240K, 57% used [0x00000000a0000000,0x00000000a29818c8,0x00000000a4880000)
 Metaspace       used 76134K, capacity 79828K, committed 80088K, reserved 1118208K
  class space    used 9929K, capacity 10636K, committed 10752K, reserved 1048576K
}
Event: 1746.752 GC heap before
{Heap before GC invocations=20 (full 3):
 PSYoungGen      total 354816K, used 343808K [0x00000000e0000000, 0x00000000f7080000, 0x0000000100000000)
  eden space 337408K, 100% used [0x00000000e0000000,0x00000000f4980000,0x00000000f4980000)
  from space 17408K, 36% used [0x00000000f5f80000,0x00000000f65c0010,0x00000000f7080000)
  to   space 19968K, 0% used [0x00000000f4980000,0x00000000f4980000,0x00000000f5d00000)
 ParOldGen       total 74240K, used 42502K [0x00000000a0000000, 0x00000000a4880000, 0x00000000e0000000)
  object space 74240K, 57% used [0x00000000a0000000,0x00000000a29818c8,0x00000000a4880000)
 Metaspace       used 77437K, capacity 82272K, committed 82392K, reserved 1120256K
  class space    used 10113K, capacity 10921K, committed 11008K, reserved 1048576K

