# JRE version: OpenJDK Runtime Environment (8.0_202) (build 1.8.0_202-release-1483-b49-5587405)
# Java VM: OpenJDK 64-Bit Server VM (25.202-b49-5587405 mixed mode linux-amd64 compressed oops)
Heap:
 PSYoungGen      total 466432K, used 22289K [0x00000000e0000000, 0x00000000fe580000, 0x0000000100000000)
  eden space 435712K, 0% used [0x00000000e0000000,0x00000000e0000000,0x00000000fa980000)
  from space 30720K, 72% used [0x00000000fa980000,0x00000000fbf446f0,0x00000000fc780000)
  to   space 30720K, 0% used [0x00000000fc780000,0x00000000fc780000,0x00000000fe580000)
 ParOldGen       total 111616K, used 51154K [0x00000000a0000000, 0x00000000a6d00000, 0x00000000e0000000)
  object space 111616K, 45% used [0x00000000a0000000,0x00000000a31f4998,0x00000000a6d00000)
 Metaspace       used 88326K, capacity 92790K, committed 93656K, reserved 1130496K
  class space    used 11292K, capacity 12056K, committed 12288K, reserved 1048576K
GC Heap History (10 events):
Event: 2575.772 GC heap after
Heap after GC invocations=34 (full 3):
 PSYoungGen      total 332800K, used 21507K [0x00000000e0000000, 0x00000000fa280000, 0x0000000100000000)
  eden space 305664K, 0% used [0x00000000e0000000,0x00000000e0000000,0x00000000f2a80000)
  from space 27136K, 79% used [0x00000000f2a80000,0x00000000f3f80e30,0x00000000f4500000)
  to   space 29184K, 0% used [0x00000000f8600000,0x00000000f8600000,0x00000000fa280000)
 ParOldGen       total 80384K, used 63410K [0x00000000a0000000, 0x00000000a4e80000, 0x00000000e0000000)
  object space 80384K, 78% used [0x00000000a0000000,0x00000000a3dec888,0x00000000a4e80000)
 Metaspace       used 88468K, capacity 93340K, committed 93656K, reserved 1130496K
  class space    used 11371K, capacity 12226K, committed 12288K, reserved 1048576K
}
Event: 2578.003 GC heap before
{Heap before GC invocations=35 (full 3):
 PSYoungGen      total 332800K, used 327171K [0x00000000e0000000, 0x00000000fa280000, 0x0000000100000000)
  eden space 305664K, 100% used [0x00000000e0000000,0x00000000f2a80000,0x00000000f2a80000)
  from space 27136K, 79% used [0x00000000f2a80000,0x00000000f3f80e30,0x00000000f4500000)
  to   space 29184K, 0% used [0x00000000f8600000,0x00000000f8600000,0x00000000fa280000)
 ParOldGen       total 80384K, used 63410K [0x00000000a0000000, 0x00000000a4e80000, 0x00000000e0000000)
  object space 80384K, 78% used [0x00000000a0000000,0x00000000a3dec888,0x00000000a4e80000)
 Metaspace       used 88478K, capacity 93358K, committed 93656K, reserved 1130496K
  class space    used 11373K, capacity 12229K, committed 12288K, reserved 1048576K
Event: 2578.116 GC heap after
Heap after GC invocations=35 (full 3):
 PSYoungGen      total 398848K, used 19667K [0x00000000e0000000, 0x00000000fa480000, 0x0000000100000000)
  eden space 369664K, 0% used [0x00000000e0000000,0x00000000e0000000,0x00000000f6900000)
  from space 29184K, 67% used [0x00000000f8600000,0x00000000f9934f90,0x00000000fa280000)
  to   space 29696K, 0% used [0x00000000f6900000,0x00000000f6900000,0x00000000f8600000)
 ParOldGen       total 80384K, used 66718K [0x00000000a0000000, 0x00000000a4e80000, 0x00000000e0000000)
  object space 80384K, 82% used [0x00000000a0000000,0x00000000a4127880,0x00000000a4e80000)
 Metaspace       used 88478K, capacity 93358K, committed 93656K, reserved 1130496K
  class space    used 11373K, capacity 12229K, committed 12288K, reserved 1048576K
}
Event: 2581.013 GC heap before
{Heap before GC invocations=36 (full 3):
 PSYoungGen      total 398848K, used 389331K [0x00000000e0000000, 0x00000000fa480000, 0x0000000100000000)
  eden space 369664K, 100% used [0x00000000e0000000,0x00000000f6900000,0x00000000f6900000)
  from space 29184K, 67% used [0x00000000f8600000,0x00000000f9934f90,0x00000000fa280000)
  to   space 29696K, 0% used [0x00000000f6900000,0x00000000f6900000,0x00000000f8600000)
 ParOldGen       total 80384K, used 66718K [0x00000000a0000000, 0x00000000a4e80000, 0x00000000e0000000)
  object space 80384K, 82% used [0x00000000a0000000,0x00000000a4127880,0x00000000a4e80000)
 Metaspace       used 88528K, capacity 93442K, committed 93656K, reserved 1130496K
  class space    used 11378K, capacity 12235K, committed 12288K, reserved 1048576K
Event: 2581.143 GC heap after
Heap after GC invocations=36 (full 3):
 PSYoungGen      total 399360K, used 21324K [0x00000000e0000000, 0x00000000fe580000, 0x0000000100000000)
  eden space 369664K, 0% used [0x00000000e0000000,0x00000000e0000000,0x00000000f6900000)
  from space 29696K, 71% used [0x00000000f6900000,0x00000000f7dd3180,0x00000000f8600000)
  to   space 30720K, 0% used [0x00000000fc780000,0x00000000fc780000,0x00000000fe580000)
 ParOldGen       total 80384K, used 67446K [0x00000000a0000000, 0x00000000a4e80000, 0x00000000e0000000)
  object space 80384K, 83% used [0x00000000a0000000,0x00000000a41dd8c0,0x00000000a4e80000)
 Metaspace       used 88528K, capacity 93442K, committed 93656K, reserved 1130496K
  class space    used 11378K, capacity 12235K, committed 12288K, reserved 1048576K
}
Event: 2583.932 GC heap before
{Heap before GC invocations=37 (full 3):
 PSYoungGen      total 399360K, used 390988K [0x00000000e0000000, 0x00000000fe580000, 0x0000000100000000)
  eden space 369664K, 100% used [0x00000000e0000000,0x00000000f6900000,0x00000000f6900000)
  from space 29696K, 71% used [0x00000000f6900000,0x00000000f7dd3180,0x00000000f8600000)
  to   space 30720K, 0% used [0x00000000fc780000,0x00000000fc780000,0x00000000fe580000)
 ParOldGen       total 80384K, used 67446K [0x00000000a0000000, 0x00000000a4e80000, 0x00000000e0000000)
  object space 80384K, 83% used [0x00000000a0000000,0x00000000a41dd8c0,0x00000000a4e80000)
 Metaspace       used 88601K, capacity 93506K, committed 93656K, reserved 1130496K
  class space    used 11380K, capacity 12235K, committed 12288K, reserved 1048576K
Event: 2584.056 GC heap after
Heap after GC invocations=37 (full 3):
 PSYoungGen      total 466432K, used 7120K [0x00000000e0000000, 0x00000000fe580000, 0x0000000100000000)
  eden space 435712K, 0% used [0x00000000e0000000,0x00000000e0000000,0x00000000fa980000)
  from space 30720K, 23% used [0x00000000fc780000,0x00000000fce74020,0x00000000fe580000)
  to   space 30720K, 0% used [0x00000000fa980000,0x00000000fa980000,0x00000000fc780000)
 ParOldGen       total 80384K, used 77657K [0x00000000a0000000, 0x00000000a4e80000, 0x00000000e0000000)
  object space 80384K, 96% used [0x00000000a0000000,0x00000000a4bd64c0,0x00000000a4e80000)
 Metaspace       used 88601K, capacity 93506K, committed 93656K, reserved 1130496K
  class space    used 11380K, capacity 12235K, committed 12288K, reserved 1048576K
}
Event: 2584.071 GC heap before
{Heap before GC invocations=38 (full 4):
 PSYoungGen      total 466432K, used 7120K [0x00000000e0000000, 0x00000000fe580000, 0x0000000100000000)
  eden space 435712K, 0% used [0x00000000e0000000,0x00000000e0000000,0x00000000fa980000)
  from space 30720K, 23% used [0x00000000fc780000,0x00000000fce74020,0x00000000fe580000)
  to   space 30720K, 0% used [0x00000000fa980000,0x00000000fa980000,0x00000000fc780000)
 ParOldGen       total 80384K, used 77657K [0x00000000a0000000, 0x00000000a4e80000, 0x00000000e0000000)
  object space 80384K, 96% used [0x00000000a0000000,0x00000000a4bd64c0,0x00000000a4e80000)
 Metaspace       used 88601K, capacity 93506K, committed 93656K, reserved 1130496K
  class space    used 11380K, capacity 12235K, committed 12288K, reserved 1048576K
Event: 2584.976 GC heap after
Heap after GC invocations=38 (full 4):
 PSYoungGen      total 466432K, used 0K [0x00000000e0000000, 0x00000000fe580000, 0x0000000100000000)
  eden space 435712K, 0% used [0x00000000e0000000,0x00000000e0000000,0x00000000fa980000)
  from space 30720K, 0% used [0x00000000fc780000,0x00000000fc780000,0x00000000fe580000)
  to   space 30720K, 0% used [0x00000000fa980000,0x00000000fa980000,0x00000000fc780000)
 ParOldGen       total 111616K, used 51146K [0x00000000a0000000, 0x00000000a6d00000, 0x00000000e0000000)
  object space 111616K, 45% used [0x00000000a0000000,0x00000000a31f2998,0x00000000a6d00000)
 Metaspace       used 88271K, capacity 92726K, committed 93656K, reserved 1130496K
  class space    used 11290K, capacity 12056K, committed 12288K, reserved 1048576K
}
Event: 2596.276 GC heap before
{Heap before GC invocations=39 (full 4):
 PSYoungGen      total 466432K, used 435712K [0x00000000e0000000, 0x00000000fe580000, 0x0000000100000000)
  eden space 435712K, 100% used [0x00000000e0000000,0x00000000fa980000,0x00000000fa980000)
  from space 30720K, 0% used [0x00000000fc780000,0x00000000fc780000,0x00000000fe580000)
  to   space 30720K, 0% used [0x00000000fa980000,0x00000000fa980000,0x00000000fc780000)
 ParOldGen       total 111616K, used 51146K [0x00000000a0000000, 0x00000000a6d00000, 0x00000000e0000000)
  object space 111616K, 45% used [0x00000000a0000000,0x00000000a31f2998,0x00000000a6d00000)
 Metaspace       used 88326K, capacity 92790K, committed 93656K, reserved 1130496K
  class space    used 11292K, capacity 12056K, committed 12288K, reserved 1048576K

