# JRE version: OpenJDK Runtime Environment (8.0_202) (build 1.8.0_202-release-1483-b49-5587405)
# Java VM: OpenJDK 64-Bit Server VM (25.202-b49-5587405 mixed mode linux-amd64 compressed oops)
Heap:
 PSYoungGen      total 451072K, used 27129K [0x00000000e0000000, 0x00000000fd300000, 0x0000000100000000)
  eden space 423936K, 0% used [0x00000000e0000000,0x00000000e0000000,0x00000000f9e00000)
  from space 27136K, 99% used [0x00000000f9e00000,0x00000000fb87e400,0x00000000fb880000)
  to   space 22528K, 0% used [0x00000000fbd00000,0x00000000fbd00000,0x00000000fd300000)
 ParOldGen       total 118272K, used 76244K [0x00000000a0000000, 0x00000000a7380000, 0x00000000e0000000)
  object space 118272K, 64% used [0x00000000a0000000,0x00000000a4a753c0,0x00000000a7380000)
 Metaspace       used 88915K, capacity 93498K, committed 94552K, reserved 1132544K
  class space    used 11337K, capacity 12134K, committed 12416K, reserved 1048576K
GC Heap History (10 events):
Event: 3405.895 GC heap after
Heap after GC invocations=40 (full 3):
 PSYoungGen      total 349184K, used 16880K [0x00000000e0000000, 0x00000000f9d80000, 0x0000000100000000)
  eden space 321536K, 0% used [0x00000000e0000000,0x00000000e0000000,0x00000000f3a00000)
  from space 27648K, 61% used [0x00000000f3a00000,0x00000000f4a7c3e8,0x00000000f5500000)
  to   space 26624K, 0% used [0x00000000f8380000,0x00000000f8380000,0x00000000f9d80000)
 ParOldGen       total 83456K, used 69412K [0x00000000a0000000, 0x00000000a5180000, 0x00000000e0000000)
  object space 83456K, 83% used [0x00000000a0000000,0x00000000a43c93c8,0x00000000a5180000)
 Metaspace       used 88711K, capacity 93780K, committed 93912K, reserved 1130496K
  class space    used 11406K, capacity 12279K, committed 12288K, reserved 1048576K
}
Event: 3407.676 GC heap before
{Heap before GC invocations=41 (full 3):
 PSYoungGen      total 349184K, used 338416K [0x00000000e0000000, 0x00000000f9d80000, 0x0000000100000000)
  eden space 321536K, 100% used [0x00000000e0000000,0x00000000f3a00000,0x00000000f3a00000)
  from space 27648K, 61% used [0x00000000f3a00000,0x00000000f4a7c3e8,0x00000000f5500000)
  to   space 26624K, 0% used [0x00000000f8380000,0x00000000f8380000,0x00000000f9d80000)
 ParOldGen       total 83456K, used 69412K [0x00000000a0000000, 0x00000000a5180000, 0x00000000e0000000)
  object space 83456K, 83% used [0x00000000a0000000,0x00000000a43c93c8,0x00000000a5180000)
 Metaspace       used 88800K, capacity 93876K, committed 93912K, reserved 1130496K
  class space    used 11415K, capacity 12287K, committed 12288K, reserved 1048576K
Event: 3407.761 GC heap after
Heap after GC invocations=41 (full 3):
 PSYoungGen      total 396288K, used 7544K [0x00000000e0000000, 0x00000000f9f80000, 0x0000000100000000)
  eden space 369664K, 0% used [0x00000000e0000000,0x00000000e0000000,0x00000000f6900000)
  from space 26624K, 28% used [0x00000000f8380000,0x00000000f8ade1e0,0x00000000f9d80000)
  to   space 27136K, 0% used [0x00000000f6900000,0x00000000f6900000,0x00000000f8380000)
 ParOldGen       total 83456K, used 81441K [0x00000000a0000000, 0x00000000a5180000, 0x00000000e0000000)
  object space 83456K, 97% used [0x00000000a0000000,0x00000000a4f88728,0x00000000a5180000)
 Metaspace       used 88800K, capacity 93876K, committed 93912K, reserved 1130496K
  class space    used 11415K, capacity 12287K, committed 12288K, reserved 1048576K
}
Event: 3407.911 GC heap before
{Heap before GC invocations=42 (full 4):
 PSYoungGen      total 396288K, used 7544K [0x00000000e0000000, 0x00000000f9f80000, 0x0000000100000000)
  eden space 369664K, 0% used [0x00000000e0000000,0x00000000e0000000,0x00000000f6900000)
  from space 26624K, 28% used [0x00000000f8380000,0x00000000f8ade1e0,0x00000000f9d80000)
  to   space 27136K, 0% used [0x00000000f6900000,0x00000000f6900000,0x00000000f8380000)
 ParOldGen       total 83456K, used 81441K [0x00000000a0000000, 0x00000000a5180000, 0x00000000e0000000)
  object space 83456K, 97% used [0x00000000a0000000,0x00000000a4f88728,0x00000000a5180000)
 Metaspace       used 88800K, capacity 93876K, committed 93912K, reserved 1130496K
  class space    used 11415K, capacity 12287K, committed 12288K, reserved 1048576K
Event: 3408.442 GC heap after
Heap after GC invocations=42 (full 4):
 PSYoungGen      total 396288K, used 0K [0x00000000e0000000, 0x00000000f9f80000, 0x0000000100000000)
  eden space 369664K, 0% used [0x00000000e0000000,0x00000000e0000000,0x00000000f6900000)
  from space 26624K, 0% used [0x00000000f8380000,0x00000000f8380000,0x00000000f9d80000)
  to   space 27136K, 0% used [0x00000000f6900000,0x00000000f6900000,0x00000000f8380000)
 ParOldGen       total 118272K, used 52599K [0x00000000a0000000, 0x00000000a7380000, 0x00000000e0000000)
  object space 118272K, 44% used [0x00000000a0000000,0x00000000a335ddc0,0x00000000a7380000)
 Metaspace       used 88363K, capacity 92898K, committed 93912K, reserved 1130496K
  class space    used 11303K, capacity 12086K, committed 12288K, reserved 1048576K
}
Event: 3410.830 GC heap before
{Heap before GC invocations=43 (full 4):
 PSYoungGen      total 396288K, used 369664K [0x00000000e0000000, 0x00000000f9f80000, 0x0000000100000000)
  eden space 369664K, 100% used [0x00000000e0000000,0x00000000f6900000,0x00000000f6900000)
  from space 26624K, 0% used [0x00000000f8380000,0x00000000f8380000,0x00000000f9d80000)
  to   space 27136K, 0% used [0x00000000f6900000,0x00000000f6900000,0x00000000f8380000)
 ParOldGen       total 118272K, used 52599K [0x00000000a0000000, 0x00000000a7380000, 0x00000000e0000000)
  object space 118272K, 44% used [0x00000000a0000000,0x00000000a335ddc0,0x00000000a7380000)
 Metaspace       used 88367K, capacity 92906K, committed 93912K, reserved 1130496K
  class space    used 11303K, capacity 12086K, committed 12288K, reserved 1048576K
Event: 3410.859 GC heap after
Heap after GC invocations=43 (full 4):
 PSYoungGen      total 396800K, used 6624K [0x00000000e0000000, 0x00000000fd800000, 0x0000000100000000)
  eden space 369664K, 0% used [0x00000000e0000000,0x00000000e0000000,0x00000000f6900000)
  from space 27136K, 24% used [0x00000000f6900000,0x00000000f6f78030,0x00000000f8380000)
  to   space 27648K, 0% used [0x00000000fbd00000,0x00000000fbd00000,0x00000000fd800000)
 ParOldGen       total 118272K, used 52599K [0x00000000a0000000, 0x00000000a7380000, 0x00000000e0000000)
  object space 118272K, 44% used [0x00000000a0000000,0x00000000a335ddc0,0x00000000a7380000)
 Metaspace       used 88367K, capacity 92906K, committed 93912K, reserved 1130496K
  class space    used 11303K, capacity 12086K, committed 12288K, reserved 1048576K
}
Event: 3416.305 GC heap before
{Heap before GC invocations=44 (full 4):
 PSYoungGen      total 396800K, used 376288K [0x00000000e0000000, 0x00000000fd800000, 0x0000000100000000)
  eden space 369664K, 100% used [0x00000000e0000000,0x00000000f6900000,0x00000000f6900000)
  from space 27136K, 24% used [0x00000000f6900000,0x00000000f6f78030,0x00000000f8380000)
  to   space 27648K, 0% used [0x00000000fbd00000,0x00000000fbd00000,0x00000000fd800000)
 ParOldGen       total 118272K, used 52607K [0x00000000a0000000, 0x00000000a7380000, 0x00000000e0000000)
  object space 118272K, 44% used [0x00000000a0000000,0x00000000a335fdd0,0x00000000a7380000)
 Metaspace       used 88567K, capacity 93104K, committed 94168K, reserved 1130496K
  class space    used 11318K, capacity 12095K, committed 12288K, reserved 1048576K
Event: 3416.358 GC heap after
Heap after GC invocations=44 (full 4):
 PSYoungGen      total 446464K, used 11244K [0x00000000e0000000, 0x00000000fd300000, 0x0000000100000000)
  eden space 423936K, 0% used [0x00000000e0000000,0x00000000e0000000,0x00000000f9e00000)
  from space 22528K, 49% used [0x00000000fbd00000,0x00000000fc7fb0c0,0x00000000fd300000)
  to   space 27136K, 0% used [0x00000000f9e00000,0x00000000f9e00000,0x00000000fb880000)
 ParOldGen       total 118272K, used 58479K [0x00000000a0000000, 0x00000000a7380000, 0x00000000e0000000)
  object space 118272K, 49% used [0x00000000a0000000,0x00000000a391be00,0x00000000a7380000)
 Metaspace       used 88567K, capacity 93104K, committed 94168K, reserved 1130496K
  class space    used 11318K, capacity 12095K, committed 12288K, reserved 1048576K
}
Event: 3462.605 GC heap before
{Heap before GC invocations=45 (full 4):
 PSYoungGen      total 446464K, used 435180K [0x00000000e0000000, 0x00000000fd300000, 0x0000000100000000)
  eden space 423936K, 100% used [0x00000000e0000000,0x00000000f9e00000,0x00000000f9e00000)
  from space 22528K, 49% used [0x00000000fbd00000,0x00000000fc7fb0c0,0x00000000fd300000)
  to   space 27136K, 0% used [0x00000000f9e00000,0x00000000f9e00000,0x00000000fb880000)
 ParOldGen       total 118272K, used 58481K [0x00000000a0000000, 0x00000000a7380000, 0x00000000e0000000)
  object space 118272K, 49% used [0x00000000a0000000,0x00000000a391c588,0x00000000a7380000)
 Metaspace       used 88915K, capacity 93498K, committed 94552K, reserved 1132544K
  class space    used 11337K, capacity 12134K, committed 12416K, reserved 1048576K

